<?xml version="1.0" encoding="UTF-8"?>
<testsuite name="Cucumber" time="46.31" tests="4" skipped="0" failures="1" errors="0">
<testcase classname="US1002 Amazon Title Test" name="TC04 Kullanici amazon sayfasinin title'inin dogru oldugunu kontrol eder" time="9.068">
<system-out><![CDATA[
Given Kullanici amazon anasayfaya gider.....................................passed
Then Title'in Amazon icerdigini test eder...................................passed
And Sayfayi kapatir.........................................................passed
]]></system-out>
</testcase>
<testcase classname="US1003 Background kullanarak tekrarlardan kurtulur" name="TC05 Amazon Nutella Testi" time="18.821">
<failure type="org.openqa.selenium.NoSuchElementException" message="no such element: Unable to locate element: {&quot;method&quot;:&quot;xpath&quot;,&quot;selector&quot;:&quot;//input[@id='twotabsearchtextbox']&quot;}
  (Session info: chrome=114.0.5735.134)
For documentation on this error, please visit: https://www.selenium.dev/documentation/webdriver/troubleshooting/errors#no-such-element-exception
Build info: version: '4.10.0', revision: 'c14d967899'
System info: os.name: 'Windows 10', os.arch: 'amd64', os.version: '10.0', java.version: '20'
Driver info: org.openqa.selenium.chrome.ChromeDriver
Command: [1410cae1df68f262c56df03d2ec912e6, findElement {using=xpath, value=//input[@id='twotabsearchtextbox']}]
Capabilities {acceptInsecureCerts: false, browserName: chrome, browserVersion: 114.0.5735.134, chrome: {chromedriverVersion: 114.0.5735.90 (386bc09e8f4f..., userDataDir: C:\Users\90545\AppData\Loca...}, goog:chromeOptions: {debuggerAddress: localhost:49924}, networkConnectionEnabled: false, pageLoadStrategy: normal, platformName: windows, proxy: Proxy(), se:cdp: ws://localhost:49924/devtoo..., se:cdpVersion: 114.0.5735.134, setWindowRect: true, strictFileInteractability: false, timeouts: {implicit: 0, pageLoad: 300000, script: 30000}, unhandledPromptBehavior: dismiss and notify, webauthn:extension:credBlob: true, webauthn:extension:largeBlob: true, webauthn:extension:minPinLength: true, webauthn:extension:prf: true, webauthn:virtualAuthenticators: true}
Session ID: 1410cae1df68f262c56df03d2ec912e6">
<![CDATA[org.openqa.selenium.NoSuchElementException: no such element: Unable to locate element: {"method":"xpath","selector":"//input[@id='twotabsearchtextbox']"}
  (Session info: chrome=114.0.5735.134)
For documentation on this error, please visit: https://www.selenium.dev/documentation/webdriver/troubleshooting/errors#no-such-element-exception
Build info: version: '4.10.0', revision: 'c14d967899'
System info: os.name: 'Windows 10', os.arch: 'amd64', os.version: '10.0', java.version: '20'
Driver info: org.openqa.selenium.chrome.ChromeDriver
Command: [1410cae1df68f262c56df03d2ec912e6, findElement {using=xpath, value=//input[@id='twotabsearchtextbox']}]
Capabilities {acceptInsecureCerts: false, browserName: chrome, browserVersion: 114.0.5735.134, chrome: {chromedriverVersion: 114.0.5735.90 (386bc09e8f4f..., userDataDir: C:\Users\90545\AppData\Loca...}, goog:chromeOptions: {debuggerAddress: localhost:49924}, networkConnectionEnabled: false, pageLoadStrategy: normal, platformName: windows, proxy: Proxy(), se:cdp: ws://localhost:49924/devtoo..., se:cdpVersion: 114.0.5735.134, setWindowRect: true, strictFileInteractability: false, timeouts: {implicit: 0, pageLoad: 300000, script: 30000}, unhandledPromptBehavior: dismiss and notify, webauthn:extension:credBlob: true, webauthn:extension:largeBlob: true, webauthn:extension:minPinLength: true, webauthn:extension:prf: true, webauthn:virtualAuthenticators: true}
Session ID: 1410cae1df68f262c56df03d2ec912e6
	at java.base/jdk.internal.reflect.DirectConstructorHandleAccessor.newInstance(DirectConstructorHandleAccessor.java:67)
	at java.base/java.lang.reflect.Constructor.newInstanceWithCaller(Constructor.java:500)
	at java.base/java.lang.reflect.Constructor.newInstance(Constructor.java:484)
	at org.openqa.selenium.remote.codec.w3c.W3CHttpResponseCodec.createException(W3CHttpResponseCodec.java:199)
	at org.openqa.selenium.remote.codec.w3c.W3CHttpResponseCodec.decode(W3CHttpResponseCodec.java:132)
	at org.openqa.selenium.remote.codec.w3c.W3CHttpResponseCodec.decode(W3CHttpResponseCodec.java:51)
	at org.openqa.selenium.remote.HttpCommandExecutor.execute(HttpCommandExecutor.java:191)
	at org.openqa.selenium.remote.service.DriverCommandExecutor.invokeExecute(DriverCommandExecutor.java:196)
	at org.openqa.selenium.remote.service.DriverCommandExecutor.execute(DriverCommandExecutor.java:171)
	at org.openqa.selenium.remote.RemoteWebDriver.execute(RemoteWebDriver.java:531)
	at org.openqa.selenium.remote.ElementLocation$ElementFinder$2.findElement(ElementLocation.java:165)
	at org.openqa.selenium.remote.ElementLocation.findElement(ElementLocation.java:59)
	at org.openqa.selenium.remote.RemoteWebDriver.findElement(RemoteWebDriver.java:350)
	at org.openqa.selenium.remote.RemoteWebDriver.findElement(RemoteWebDriver.java:344)
	at org.openqa.selenium.support.pagefactory.DefaultElementLocator.findElement(DefaultElementLocator.java:68)
	at org.openqa.selenium.support.pagefactory.internal.LocatingElementHandler.invoke(LocatingElementHandler.java:38)
	at jdk.proxy2/jdk.proxy2.$Proxy24.sendKeys(Unknown Source)
	at stepdefinitions.AmazonStepDefinitions.nutellaIcinAramaYapar(AmazonStepDefinitions.java:32)
	at ✽.Nutella icin arama yapar(file:///C:/Users/90545/IdeaProjects/com.Team113_Cucumber/src/test/resources/features/US1003_BacGroundKullanimi.feature:9)
]]>
</failure>
<system-out><![CDATA[
Given Kullanici amazon anasayfaya gider.....................................passed
When Nutella icin arama yapar...............................................failed
Then Arama sonuclarinin Nutella icerdigini test eder........................skipped
And Sayfayi kapatir.........................................................skipped
]]></system-out>
</testcase>
<testcase classname="US1003 Background kullanarak tekrarlardan kurtulur" name="TC06 Amazon Java Testi" time="7.714">
<system-out><![CDATA[
Given Kullanici amazon anasayfaya gider.....................................passed
When Java icin arama yapar..................................................passed
Then Arama sonuclarinin Java icerdigini test eder...........................passed
And Sayfayi kapatir.........................................................passed
]]></system-out>
</testcase>
<testcase classname="US1004 Stepler'de parametre kullanılabilmeli" name="TC08 Amazon Nutella Testi" time="10.502">
<system-out><![CDATA[
Given Kullanici "amazonUrl" anasayfaya gider................................passed
When "Nutella" icin arama yapar.............................................passed
Then Arama sonuclarinin "Nutella" icerdigini test eder......................passed
And 3 saniye bekler.........................................................passed
And Sayfayi kapatir.........................................................passed
]]></system-out>
</testcase>
</testsuite>
